EVALUATION RESULTS
============================================================

ByT5:
  Queries evaluated: 750
  MRR: 0.0000
  Recall@1: 0.0000
  Recall@5: 0.0000
  Recall@10: 0.0000
  Recall@15: 0.0000
  Precision@1: 0.0000
  Precision@5: 0.0000
  Precision@10: 0.0000
  Precision@15: 0.0000
  Avg Embedding Time: 1.68 ms
  Avg Retrieval Time: 168.65 ms
  Avg Total Time: 170.33 ms

Canine:
  Queries evaluated: 750
  MRR: 0.0322
  Recall@1: 0.0133
  Recall@5: 0.0500
  Recall@10: 0.0671
  Recall@15: 0.0736
  Precision@1: 0.0160
  Precision@5: 0.0115
  Precision@10: 0.0079
  Precision@15: 0.0059
  Avg Embedding Time: 0.53 ms
  Avg Retrieval Time: 129.57 ms
  Avg Total Time: 130.10 ms

BPE-LSTM-Trained:
  Queries evaluated: 750
  MRR: 0.0002
  Recall@1: 0.0000
  Recall@5: 0.0000
  Recall@10: 0.0013
  Recall@15: 0.0020
  Precision@1: 0.0000
  Precision@5: 0.0000
  Precision@10: 0.0001
  Precision@15: 0.0002
  Avg Embedding Time: 0.06 ms
  Avg Retrieval Time: 24.64 ms
  Avg Total Time: 24.70 ms

BPE-Transformer-Trained:
  Queries evaluated: 750
  MRR: 0.0035
  Recall@1: 0.0018
  Recall@5: 0.0031
  Recall@10: 0.0044
  Recall@15: 0.0044
  Precision@1: 0.0027
  Precision@5: 0.0008
  Precision@10: 0.0005
  Precision@15: 0.0004
  Avg Embedding Time: 0.04 ms
  Avg Retrieval Time: 24.29 ms
  Avg Total Time: 24.33 ms

BPE-Pretrained:
  Queries evaluated: 750
  MRR: 0.0179
  Recall@1: 0.0111
  Recall@5: 0.0191
  Recall@10: 0.0258
  Recall@15: 0.0271
  Precision@1: 0.0133
  Precision@5: 0.0045
  Precision@10: 0.0031
  Precision@15: 0.0021
  Avg Embedding Time: 0.33 ms
  Avg Retrieval Time: 130.76 ms
  Avg Total Time: 131.09 ms

BERT-MiniLM:
  Queries evaluated: 750
  MRR: 0.5495
  Recall@1: 0.3539
  Recall@5: 0.7246
  Recall@10: 0.8370
  Recall@15: 0.8872
  Precision@1: 0.3973
  Precision@5: 0.1699
  Precision@10: 0.0995
  Precision@15: 0.0706
  Avg Embedding Time: 0.13 ms
  Avg Retrieval Time: 51.20 ms
  Avg Total Time: 51.32 ms